<?xml version="1.0" encoding="utf-8"?><testsuites name="pytest tests"><testsuite name="pytest" errors="0" failures="3" skipped="0" tests="16" time="2.352" timestamp="2026-01-20T13:47:31.544988+00:00" hostname="agent-env-1f5f386a-7ae8-49f3-b535-3a62b51f73db"><testcase classname="tests.test_smartdomo_multitenancy.TestAuthentication" name="test_api_root" time="0.072" /><testcase classname="tests.test_smartdomo_multitenancy.TestAuthentication" name="test_admin_login" time="0.043" /><testcase classname="tests.test_smartdomo_multitenancy.TestAuthentication" name="test_user_login" time="0.036"><failure message="AssertionError: Login failed: Password errata&#10;assert False == True">tests/test_smartdomo_multitenancy.py:56: in test_user_login
    assert data["success"] == True, f"Login failed: {data.get('message')}"
E   AssertionError: Login failed: Password errata
E   assert False == True</failure></testcase><testcase classname="tests.test_smartdomo_multitenancy.TestAuthentication" name="test_invalid_login" time="0.044" /><testcase classname="tests.test_smartdomo_multitenancy.TestTokenVerification" name="test_admin_verify_returns_correct_space_id" time="0.078" /><testcase classname="tests.test_smartdomo_multitenancy.TestTokenVerification" name="test_user_verify_returns_different_space" time="0.080"><failure message="assert 422 == 200&#10; +  where 422 = &lt;Response [422]&gt;.status_code">tests/test_smartdomo_multitenancy.py:112: in test_user_verify_returns_different_space
    assert response.status_code == 200
E   assert 422 == 200
E    +  where 422 = &lt;Response [422]&gt;.status_code</failure></testcase><testcase classname="tests.test_smartdomo_multitenancy.TestTokenVerification" name="test_invalid_token_rejected" time="0.036" /><testcase classname="tests.test_smartdomo_multitenancy.TestMultiTenantDataIsolation" name="test_elettrodomestici_isolation" time="0.157" /><testcase classname="tests.test_smartdomo_multitenancy.TestMultiTenantDataIsolation" name="test_manutenzioni_isolation" time="0.159" /><testcase classname="tests.test_smartdomo_multitenancy.TestMultiTenantDataIsolation" name="test_property_isolation" time="0.149" /><testcase classname="tests.test_smartdomo_multitenancy.TestMatterportPOIs" name="test_pois_filtered_by_user_and_space" time="0.081" /><testcase classname="tests.test_smartdomo_multitenancy.TestMatterportPOIs" name="test_poi_import_uses_correct_space" time="0.075" /><testcase classname="tests.test_smartdomo_multitenancy.TestSmartThingsIntegration" name="test_devices_with_sensors_endpoint" time="0.863" /><testcase classname="tests.test_smartdomo_multitenancy.TestSmartThingsIntegration" name="test_smartthings_devices_fallback" time="0.169"><failure message="assert 520 == 200&#10; +  where 520 = &lt;Response [520]&gt;.status_code">tests/test_smartdomo_multitenancy.py:301: in test_smartthings_devices_fallback
    assert response.status_code == 200
E   assert 520 == 200
E    +  where 520 = &lt;Response [520]&gt;.status_code</failure></testcase><testcase classname="tests.test_smartdomo_multitenancy.TestManutenzioniCRUD" name="test_create_manutenzione" time="0.115" /><testcase classname="tests.test_smartdomo_multitenancy.TestConfigEndpoints" name="test_config_endpoint" time="0.035" /></testsuite></testsuites>