<?xml version="1.0" encoding="utf-8"?><testsuites name="pytest tests"><testsuite name="pytest" errors="0" failures="0" skipped="0" tests="37" time="5.245" timestamp="2026-06-03T06:39:05.378571+00:00" hostname="agent-env-7e9c4d3a-6cd7-4828-86c9-caa742700820"><testcase classname="backend.tests.test_dipendenti.TestHealthAuth" name="test_admin_login" time="0.151" /><testcase classname="backend.tests.test_dipendenti.TestHealthAuth" name="test_baunei_login" time="0.128" /><testcase classname="backend.tests.test_dipendenti.TestHealthAuth" name="test_admin_module_dipendenti_enabled" time="0.100" /><testcase classname="backend.tests.test_dipendenti.TestSedi" name="test_list_sedi" time="0.102" /><testcase classname="backend.tests.test_dipendenti.TestSedi" name="test_create_sede" time="0.110" /><testcase classname="backend.tests.test_dipendenti.TestSedi" name="test_create_sede_persists" time="0.113" /><testcase classname="backend.tests.test_dipendenti.TestSedi" name="test_delete_sede" time="0.101" /><testcase classname="backend.tests.test_dipendenti.TestTipiContratto" name="test_create_tipo" time="0.105" /><testcase classname="backend.tests.test_dipendenti.TestTipiContratto" name="test_list_tipi" time="0.199" /><testcase classname="backend.tests.test_dipendenti.TestTipiContratto" name="test_delete_tipo" time="0.107" /><testcase classname="backend.tests.test_dipendenti.TestDipendentiCRUD" name="test_create_dipendente" time="0.113" /><testcase classname="backend.tests.test_dipendenti.TestDipendentiCRUD" name="test_get_dipendente" time="0.105" /><testcase classname="backend.tests.test_dipendenti.TestDipendentiCRUD" name="test_update_dipendente" time="0.241" /><testcase classname="backend.tests.test_dipendenti.TestDipendentiCRUD" name="test_filter_search_q" time="0.104" /><testcase classname="backend.tests.test_dipendenti.TestDipendentiCRUD" name="test_filter_sede" time="0.126" /><testcase classname="backend.tests.test_dipendenti.TestDipendentiCRUD" name="test_filter_mansione" time="0.105" /><testcase classname="backend.tests.test_dipendenti.TestDipendentiCRUD" name="test_filter_stato" time="0.116" /><testcase classname="backend.tests.test_dipendenti.TestDipendentiCRUD" name="test_add_documento" time="0.215" /><testcase classname="backend.tests.test_dipendenti.TestAssunzioni" name="test_create_assunzione" time="0.113" /><testcase classname="backend.tests.test_dipendenti.TestAssunzioni" name="test_dipendente_stato_updated_to_assunto" time="0.105" /><testcase classname="backend.tests.test_dipendenti.TestAssunzioni" name="test_list_assunzioni" time="0.105" /><testcase classname="backend.tests.test_dipendenti.TestAssunzioni" name="test_update_assunzione" time="0.203" /><testcase classname="backend.tests.test_dipendenti.TestBustePaga" name="test_create_busta" time="0.114" /><testcase classname="backend.tests.test_dipendenti.TestBustePaga" name="test_add_pagamento" time="0.128" /><testcase classname="backend.tests.test_dipendenti.TestBustePaga" name="test_list_buste" time="0.102" /><testcase classname="backend.tests.test_dipendenti.TestBustePaga" name="test_delete_pagamento" time="0.213" /><testcase classname="backend.tests.test_dipendenti.TestPDF" name="test_pdf_lista" time="0.118" /><testcase classname="backend.tests.test_dipendenti.TestPDF" name="test_pdf_scheda" time="0.112" /><testcase classname="backend.tests.test_dipendenti.TestPDF" name="test_pdf_busta" time="0.116" /><testcase classname="backend.tests.test_dipendenti.TestEmail" name="test_email_send_accepts_payload" time="0.114" /><testcase classname="backend.tests.test_dipendenti.TestCleanup" name="test_delete_assunzione" time="0.109" /><testcase classname="backend.tests.test_dipendenti.TestCleanup" name="test_delete_busta" time="0.105" /><testcase classname="backend.tests.test_dipendenti.TestCleanup" name="test_delete_dipendente" time="0.108" /><testcase classname="backend.tests.test_dipendenti.TestModuleToggle" name="test_disable_dipendenti" time="0.307" /><testcase classname="backend.tests.test_dipendenti.TestModuleToggle" name="test_reenable_dipendenti" time="0.206" /><testcase classname="backend.tests.test_dipendenti.TestIsolation" name="test_baunei_sees_no_admin_dipendenti" time="0.332" /><testcase classname="backend.tests.test_dipendenti.TestIsolation" name="test_baunei_module_dipendenti_default" time="0.125" /></testsuite></testsuites>