<?xml version="1.0" encoding="utf-8"?><testsuites name="pytest tests"><testsuite name="pytest" errors="0" failures="1" skipped="0" tests="16" time="3.704" timestamp="2026-02-18T18:18:56.658538+00:00" hostname="agent-env-73ab809e-e5e2-411d-847e-3f6de7e906dc"><testcase classname="backend.tests.test_user_filtering_bug_fix.TestAuthAndLogin" name="test_login_success" time="0.277" /><testcase classname="backend.tests.test_user_filtering_bug_fix.TestAuthAndLogin" name="test_login_invalid_credentials" time="0.148" /><testcase classname="backend.tests.test_user_filtering_bug_fix.TestDashboardEndpoints" name="test_dashboard_stats_with_token" time="0.254" /><testcase classname="backend.tests.test_user_filtering_bug_fix.TestDashboardEndpoints" name="test_dashboard_stats_without_token" time="0.140" /><testcase classname="backend.tests.test_user_filtering_bug_fix.TestDashboardEndpoints" name="test_consumi_per_categoria_with_token" time="0.141" /><testcase classname="backend.tests.test_user_filtering_bug_fix.TestElettrodomesticiEndpoint" name="test_elettrodomestici_with_token" time="0.223" /><testcase classname="backend.tests.test_user_filtering_bug_fix.TestElettrodomesticiEndpoint" name="test_elettrodomestici_without_token" time="0.187" /><testcase classname="backend.tests.test_user_filtering_bug_fix.TestManutenzioniEndpoint" name="test_manutenzioni_with_token" time="0.329" /><testcase classname="backend.tests.test_user_filtering_bug_fix.TestManutenzioniEndpoint" name="test_manutenzioni_without_token" time="0.121" /><testcase classname="backend.tests.test_user_filtering_bug_fix.TestCentriAssistenzaEndpoint" name="test_centri_assistenza_with_token" time="0.274" /><testcase classname="backend.tests.test_user_filtering_bug_fix.TestSuggerimentiEndpoint" name="test_suggerimenti_with_token" time="0.361" /><testcase classname="backend.tests.test_user_filtering_bug_fix.TestPlanimetrieEndpoint" name="test_planimetrie_with_token" time="0.306" /><testcase classname="backend.tests.test_user_filtering_bug_fix.TestTicketsEndpoint" name="test_tickets_with_token" time="0.283" /><testcase classname="backend.tests.test_user_filtering_bug_fix.TestCalendarEventsEndpoint" name="test_calendar_events_with_token" time="0.253"><failure message="AssertionError: Failed: {&quot;detail&quot;:&quot;Not Found&quot;}&#10;assert 404 == 200&#10; +  where 404 = &lt;Response [404]&gt;.status_code">backend/tests/test_user_filtering_bug_fix.py:335: in test_calendar_events_with_token
    assert response.status_code == 200, f"Failed: {response.text}"
E   AssertionError: Failed: {"detail":"Not Found"}
E   assert 404 == 200
E    +  where 404 = &lt;Response [404]&gt;.status_code</failure></testcase><testcase classname="backend.tests.test_user_filtering_bug_fix.TestHealthAndConfig" name="test_health_check" time="0.193" /><testcase classname="backend.tests.test_user_filtering_bug_fix.TestHealthAndConfig" name="test_config" time="0.109" /></testsuite></testsuites>