<?xml version="1.0" encoding="utf-8"?><testsuites name="pytest tests"><testsuite name="pytest" errors="0" failures="0" skipped="0" tests="8" time="7.580" timestamp="2026-02-18T19:36:32.875526+00:00" hostname="agent-env-73ab809e-e5e2-411d-847e-3f6de7e906dc"><testcase classname="backend.tests.test_bug_fixes_iteration6.TestAuthentication" name="test_login_admin" time="0.174" /><testcase classname="backend.tests.test_bug_fixes_iteration6.TestSystemStatus" name="test_system_status_returns_devices" time="1.680" /><testcase classname="backend.tests.test_bug_fixes_iteration6.TestDeviceConsumption" name="test_lavatrice_consumption_correct_value" time="0.815" /><testcase classname="backend.tests.test_bug_fixes_iteration6.TestSensorsReport" name="test_sensors_report_with_token" time="0.835" /><testcase classname="backend.tests.test_bug_fixes_iteration6.TestSensorsReport" name="test_sensors_report_without_token" time="0.205" /><testcase classname="backend.tests.test_bug_fixes_iteration6.TestSensorsChartData" name="test_chart_data_with_token" time="1.015" /><testcase classname="backend.tests.test_bug_fixes_iteration6.TestEwelinkDeviceSwitch" name="test_device_switch_endpoint_exists" time="2.480" /><testcase classname="backend.tests.test_bug_fixes_iteration6.TestDashboardStats" name="test_dashboard_stats_with_token" time="0.319" /></testsuite></testsuites>