<?xml version="1.0" encoding="utf-8"?><testsuites name="pytest tests"><testsuite name="pytest" errors="0" failures="0" skipped="0" tests="17" time="12.557" timestamp="2026-03-25T07:23:48.316332+00:00" hostname="agent-env-7e9c4d3a-6cd7-4828-86c9-caa742700820"><testcase classname="backend.tests.test_sensor_types.TestHealthAndAuth" name="test_health_endpoint" time="0.191" /><testcase classname="backend.tests.test_sensor_types.TestHealthAndAuth" name="test_admin_login" time="0.105" /><testcase classname="backend.tests.test_sensor_types.TestDoorSensor" name="test_door_sensor_returns_contact_state" time="0.781" /><testcase classname="backend.tests.test_sensor_types.TestDoorSensor" name="test_door_sensor_has_battery" time="0.745" /><testcase classname="backend.tests.test_sensor_types.TestDoorSensor" name="test_door_sensor_has_last_trigger" time="0.751" /><testcase classname="backend.tests.test_sensor_types.TestPowerMeter" name="test_power_meter_returns_power" time="0.786" /><testcase classname="backend.tests.test_sensor_types.TestPowerMeter" name="test_power_meter_returns_voltage" time="0.775" /><testcase classname="backend.tests.test_sensor_types.TestPowerMeter" name="test_power_meter_returns_current" time="0.800" /><testcase classname="backend.tests.test_sensor_types.TestPowerMeter" name="test_power_meter_has_switch" time="0.780" /><testcase classname="backend.tests.test_sensor_types.TestTemperatureSensor" name="test_temp_sensor_returns_temperature" time="0.942" /><testcase classname="backend.tests.test_sensor_types.TestTemperatureSensor" name="test_temp_sensor_returns_humidity" time="0.758" /><testcase classname="backend.tests.test_sensor_types.TestTemperatureSensor" name="test_temp_sensor_auto_matched" time="0.774" /><testcase classname="backend.tests.test_sensor_types.TestSwitchDevice" name="test_switch_returns_state" time="0.828" /><testcase classname="backend.tests.test_sensor_types.TestSwitchDevice" name="test_switch_can_be_controlled" time="0.783" /><testcase classname="backend.tests.test_sensor_types.TestEwelinkIntegration" name="test_ewelink_connected" time="0.845" /><testcase classname="backend.tests.test_sensor_types.TestNormalizationFunctions" name="test_temperature_not_raw_value" time="0.783" /><testcase classname="backend.tests.test_sensor_types.TestNormalizationFunctions" name="test_humidity_percentage" time="1.063" /></testsuite></testsuites>