<?xml version="1.0" encoding="utf-8"?><testsuites name="pytest tests"><testsuite name="pytest" errors="0" failures="0" skipped="0" tests="9" time="1.690" timestamp="2026-02-18T15:29:14.705446+00:00" hostname="agent-env-85c19df7-66c3-4046-a269-1450a990e144"><testcase classname="backend.tests.test_balin_gps_integration.TestBalinGPSStatus" name="test_balin_status_not_configured" time="0.161" /><testcase classname="backend.tests.test_balin_gps_integration.TestBalinGPSStatus" name="test_balin_status_response_structure" time="0.122" /><testcase classname="backend.tests.test_balin_gps_integration.TestBalinGPSDevices" name="test_balin_devices_not_configured" time="0.186" /><testcase classname="backend.tests.test_balin_gps_integration.TestBalinGPSDevices" name="test_balin_devices_error_message_contains_setup_instructions" time="0.138" /><testcase classname="backend.tests.test_balin_gps_integration.TestBalinGPSDeviceByIMEI" name="test_balin_device_not_configured" time="0.135" /><testcase classname="backend.tests.test_balin_gps_integration.TestBalinGPSHistory" name="test_balin_history_not_configured" time="0.150" /><testcase classname="backend.tests.test_balin_gps_integration.TestBalinGPSTrips" name="test_balin_trips_not_configured" time="0.235" /><testcase classname="backend.tests.test_balin_gps_integration.TestBalinGPSWithToken" name="test_balin_status_with_token" time="0.244" /><testcase classname="backend.tests.test_balin_gps_integration.TestBalinGPSWithToken" name="test_balin_devices_with_token" time="0.257" /></testsuite></testsuites>