<?xml version="1.0" encoding="utf-8"?><testsuites name="pytest tests"><testsuite name="pytest" errors="0" failures="0" skipped="0" tests="13" time="1.841" timestamp="2026-01-24T18:58:42.196483+00:00" hostname="agent-env-3e0fca83-ec90-445b-a27f-7414dbe5af06"><testcase classname="backend.tests.test_matterport_poi_integration.TestAuthentication" name="test_admin_login" time="0.074" /><testcase classname="backend.tests.test_matterport_poi_integration.TestAuthentication" name="test_geasar_login" time="0.046" /><testcase classname="backend.tests.test_matterport_poi_integration.TestMatterportPOIs" name="test_get_pois_list" time="0.088" /><testcase classname="backend.tests.test_matterport_poi_integration.TestMatterportPOIs" name="test_pois_have_required_fields" time="0.079" /><testcase classname="backend.tests.test_matterport_poi_integration.TestElettrodomesticiPOIAssociation" name="test_get_elettrodomestici_list" time="0.124" /><testcase classname="backend.tests.test_matterport_poi_integration.TestElettrodomesticiPOIAssociation" name="test_elettrodomestici_have_matterport_tag_field" time="0.083" /><testcase classname="backend.tests.test_matterport_poi_integration.TestElettrodomesticiPOIAssociation" name="test_get_elettrodomestico_by_poi_endpoint_exists" time="0.120" /><testcase classname="backend.tests.test_matterport_poi_integration.TestElettrodomesticiPOIAssociation" name="test_create_elettrodomestico_with_poi_link" time="0.217" /><testcase classname="backend.tests.test_matterport_poi_integration.TestElettrodomesticiPOIAssociation" name="test_update_elettrodomestico_poi_link" time="0.430" /><testcase classname="backend.tests.test_matterport_poi_integration.TestElettrodomesticiPOIAssociation" name="test_remove_poi_link_from_elettrodomestico" time="0.257" /><testcase classname="backend.tests.test_matterport_poi_integration.TestVista3DIntegration" name="test_matterport_spaces_endpoint" time="0.091" /><testcase classname="backend.tests.test_matterport_poi_integration.TestVista3DIntegration" name="test_config_endpoint" time="0.087" /><testcase classname="backend.tests.test_matterport_poi_integration.TestCleanup" name="test_cleanup_test_elettrodomestici" time="0.088" /></testsuite></testsuites>