<?xml version="1.0" encoding="utf-8"?><testsuites name="pytest tests"><testsuite name="pytest" errors="0" failures="0" skipped="0" tests="10" time="7.597" timestamp="2026-03-25T05:57:18.937831+00:00" hostname="agent-env-7e9c4d3a-6cd7-4828-86c9-caa742700820"><testcase classname="backend.tests.test_session_and_3d_view.TestHealthEndpoint" name="test_health_endpoint_returns_ok" time="0.159" /><testcase classname="backend.tests.test_session_and_3d_view.TestAuthentication" name="test_admin_login_success" time="0.107" /><testcase classname="backend.tests.test_session_and_3d_view.TestAuthentication" name="test_token_verification_works" time="0.226" /><testcase classname="backend.tests.test_session_and_3d_view.TestEweLinkIntegration" name="test_ewelink_status_connected" time="0.901" /><testcase classname="backend.tests.test_session_and_3d_view.TestLiveSensorData" name="test_live_sensor_for_pc_postazione" time="0.879" /><testcase classname="backend.tests.test_session_and_3d_view.TestDeviceSwitch" name="test_switch_device_on" time="1.079" /><testcase classname="backend.tests.test_session_and_3d_view.TestDeviceSwitch" name="test_switch_device_off" time="1.089" /><testcase classname="backend.tests.test_session_and_3d_view.TestSensorsTab" name="test_devices_with_sensors_returns_data" time="1.087" /><testcase classname="backend.tests.test_session_and_3d_view.TestMatterportPOIs" name="test_get_pois_returns_list" time="0.274" /><testcase classname="backend.tests.test_session_and_3d_view.TestMatterportPOIs" name="test_poi_sensors_endpoint" time="1.734" /></testsuite></testsuites>