<?xml version="1.0" encoding="utf-8"?><testsuites name="pytest tests"><testsuite name="pytest" errors="0" failures="0" skipped="1" tests="9" time="1.474" timestamp="2026-03-24T08:12:01.817556+00:00" hostname="agent-env-7e9c4d3a-6cd7-4828-86c9-caa742700820"><testcase classname="backend.tests.test_property_multitenancy.TestPropertyMultiTenancy" name="test_admin_login_success" time="0.225" /><testcase classname="backend.tests.test_property_multitenancy.TestPropertyMultiTenancy" name="test_admin_property_has_correct_space_id" time="0.150" /><testcase classname="backend.tests.test_property_multitenancy.TestPropertyMultiTenancy" name="test_put_property_requires_token_for_user_verification" time="0.177" /><testcase classname="backend.tests.test_property_multitenancy.TestPropertyMultiTenancy" name="test_admin_cannot_update_nadir_property" time="0.145" /><testcase classname="backend.tests.test_property_multitenancy.TestPropertyMultiTenancy" name="test_nadir_property_is_independent" time="0.094"><skipped type="pytest.skip" message="Could not login as Nadir - password may be different">/app/backend/tests/test_property_multitenancy.py:130: Could not login as Nadir - password may be different</skipped></testcase><testcase classname="backend.tests.test_property_multitenancy.TestPropertyMultiTenancy" name="test_frontend_save_property_passes_token" time="0.138" /><testcase classname="backend.tests.test_property_multitenancy.TestPropertyMultiTenancy" name="test_property_config_page_loads_correct_space_id" time="0.183" /><testcase classname="backend.tests.test_property_multitenancy.TestPropertyMultiTenancy" name="test_get_active_property_uses_token_for_filtering" time="0.167" /><testcase classname="backend.tests.test_property_multitenancy.TestPropertyMultiTenancy" name="test_update_property_only_updates_own_property" time="0.140" /></testsuite></testsuites>