<?xml version="1.0" encoding="utf-8"?><testsuites name="pytest tests"><testsuite name="pytest" errors="0" failures="0" skipped="0" tests="11" time="4.846" timestamp="2026-01-01T07:30:49.179552+00:00" hostname="agent-env-b88a890f-2f61-430a-94e6-bf2af5999aaa"><testcase classname="tests.test_site_config.TestSiteConfigGET" name="test_get_site_config_returns_200" time="0.170" /><testcase classname="tests.test_site_config.TestSiteConfigGET" name="test_get_site_config_returns_required_fields" time="0.153" /><testcase classname="tests.test_site_config.TestSiteConfigGET" name="test_get_site_config_default_values" time="0.156" /><testcase classname="tests.test_site_config.TestSiteConfigPUT" name="test_put_site_config_without_auth_returns_401" time="0.040" /><testcase classname="tests.test_site_config.TestSiteConfigPUT" name="test_put_site_config_with_auth_returns_200" time="0.671" /><testcase classname="tests.test_site_config.TestSiteConfigPUT" name="test_put_site_config_updates_company_data" time="0.740" /><testcase classname="tests.test_site_config.TestSiteConfigPUT" name="test_put_site_config_updates_contacts" time="0.660" /><testcase classname="tests.test_site_config.TestSiteConfigPUT" name="test_put_site_config_updates_address" time="0.664" /><testcase classname="tests.test_site_config.TestSiteConfigPUT" name="test_put_site_config_updates_social_media" time="0.624" /><testcase classname="tests.test_site_config.TestSiteConfigPUT" name="test_put_site_config_updates_link_progetti" time="0.661" /><testcase classname="tests.test_site_config.TestSiteConfigIntegration" name="test_site_config_data_available_for_footer" time="0.155" /></testsuite></testsuites>